Flow report for top_module
Mon Apr 29 17:14:56 2024
Quartus Prime Version 21.1.0 Build 842 10/21/2021 SJ Lite Edition


---------------------
; Table of Contents ;
---------------------
  1. Legal Notice
  2. Flow Summary
  3. Flow Settings
  4. Flow Non-Default Global Settings
  5. Flow Elapsed Time
  6. Flow OS Summary
  7. Flow Log
  8. Flow Messages
  9. Flow Suppressed Messages



----------------
; Legal Notice ;
----------------
Copyright (C) 2021  Intel Corporation. All rights reserved.
Your use of Intel Corporation's design tools, logic functions 
and other software and tools, and any partner logic 
functions, and any output files from any of the foregoing 
(including device programming or simulation files), and any 
associated documentation or information are expressly subject 
to the terms and conditions of the Intel Program License 
Subscription Agreement, the Intel Quartus Prime License Agreement,
the Intel FPGA IP License Agreement, or other applicable license
agreement, including, without limitation, that your use is for
the sole purpose of programming logic devices manufactured by
Intel and sold by Intel or its authorized distributors.  Please
refer to the applicable agreement for further details, at
https://fpgasoftware.intel.com/eula.



+-------------------------------------------------------------------------------+
; Flow Summary                                                                  ;
+---------------------------------+---------------------------------------------+
; Flow Status                     ; Successful - Mon Apr 29 17:14:17 2024       ;
; Quartus Prime Version           ; 21.1.0 Build 842 10/21/2021 SJ Lite Edition ;
; Revision Name                   ; top_module                                  ;
; Top-level Entity Name           ; top_module                                  ;
; Family                          ; Cyclone V                                   ;
; Device                          ; 5CSEMA5F31C6                                ;
; Timing Models                   ; Final                                       ;
; Logic utilization (in ALMs)     ; 602 / 32,070 ( 2 % )                        ;
; Total registers                 ; 685                                         ;
; Total pins                      ; 102 / 457 ( 22 % )                          ;
; Total virtual pins              ; 0                                           ;
; Total block memory bits         ; 21,504 / 4,065,280 ( < 1 % )                ;
; Total DSP Blocks                ; 0 / 87 ( 0 % )                              ;
; Total HSSI RX PCSs              ; 0                                           ;
; Total HSSI PMA RX Deserializers ; 0                                           ;
; Total HSSI TX PCSs              ; 0                                           ;
; Total HSSI PMA TX Serializers   ; 0                                           ;
; Total PLLs                      ; 3 / 6 ( 50 % )                              ;
; Total DLLs                      ; 0 / 4 ( 0 % )                               ;
+---------------------------------+---------------------------------------------+


+-----------------------------------------+
; Flow Settings                           ;
+-------------------+---------------------+
; Option            ; Setting             ;
+-------------------+---------------------+
; Start date & time ; 04/29/2024 17:11:46 ;
; Main task         ; Compilation         ;
; Revision Name     ; top_module          ;
+-------------------+---------------------+


+-------------------------------------------------------------------------------------------------------------------------+
; Flow Non-Default Global Settings                                                                                        ;
+-------------------------------------+----------------------------------------+---------------+-------------+------------+
; Assignment Name                     ; Value                                  ; Default Value ; Entity Name ; Section Id ;
+-------------------------------------+----------------------------------------+---------------+-------------+------------+
; COMPILER_SIGNATURE_ID               ; 224948460876486.171442510608778        ; --            ; --          ; --         ;
; MAX_CORE_JUNCTION_TEMP              ; 85                                     ; --            ; --          ; --         ;
; MIN_CORE_JUNCTION_TEMP              ; 0                                      ; --            ; --          ; --         ;
; MISC_FILE                           ; clock_165.cmp                          ; --            ; --          ; --         ;
; MISC_FILE                           ; clock_165_sim/clock_165.vo             ; --            ; --          ; --         ;
; MISC_FILE                           ; clock_24.cmp                           ; --            ; --          ; --         ;
; MISC_FILE                           ; clock_24_sim/clock_24.vo               ; --            ; --          ; --         ;
; MISC_FILE                           ; clock_25.cmp                           ; --            ; --          ; --         ;
; MISC_FILE                           ; clock_25_sim/clock_25.vo               ; --            ; --          ; --         ;
; MISC_FILE                           ; two_edge.bsf                           ; --            ; --          ; --         ;
; MISC_FILE                           ; two_edge_inst.v                        ; --            ; --          ; --         ;
; MISC_FILE                           ; two_edge_bb.v                          ; --            ; --          ; --         ;
; MISC_FILE                           ; two_edge.inc                           ; --            ; --          ; --         ;
; MISC_FILE                           ; two_edge.cmp                           ; --            ; --          ; --         ;
; MISC_FILE                           ; two_edge.ppf                           ; --            ; --          ; --         ;
; MISC_FILE                           ; clock_166.cmp                          ; --            ; --          ; --         ;
; MISC_FILE                           ; clock_166_sim/clock_166.vo             ; --            ; --          ; --         ;
; MISC_FILE                           ; clock_143.cmp                          ; --            ; --          ; --         ;
; MISC_FILE                           ; clock_143_sim/clock_143.vo             ; --            ; --          ; --         ;
; MISC_FILE                           ; clock_10.cmp                           ; --            ; --          ; --         ;
; MISC_FILE                           ; clock_10_sim/clock_10.vo               ; --            ; --          ; --         ;
; MISC_FILE                           ; clock_12.cmp                           ; --            ; --          ; --         ;
; MISC_FILE                           ; clock_12_sim/clock_12.vo               ; --            ; --          ; --         ;
; NUM_PARALLEL_PROCESSORS             ; 4                                      ; --            ; --          ; --         ;
; PARTITION_COLOR                     ; -- (Not supported for targeted family) ; --            ; --          ; Top        ;
; PARTITION_FITTER_PRESERVATION_LEVEL ; -- (Not supported for targeted family) ; --            ; --          ; Top        ;
; PARTITION_NETLIST_TYPE              ; -- (Not supported for targeted family) ; --            ; --          ; Top        ;
; PROJECT_OUTPUT_DIRECTORY            ; output_files                           ; --            ; --          ; --         ;
; SPD_FILE                            ; clock_165.spd                          ; --            ; --          ; --         ;
; SPD_FILE                            ; clock_24.spd                           ; --            ; --          ; --         ;
; SPD_FILE                            ; clock_25.spd                           ; --            ; --          ; --         ;
; SPD_FILE                            ; clock_166.spd                          ; --            ; --          ; --         ;
; SPD_FILE                            ; clock_143.spd                          ; --            ; --          ; --         ;
; SPD_FILE                            ; clock_10.spd                           ; --            ; --          ; --         ;
; SPD_FILE                            ; clock_12.spd                           ; --            ; --          ; --         ;
; SYNTHESIS_ONLY_QIP                  ; On                                     ; --            ; --          ; --         ;
; SYNTHESIS_ONLY_QIP                  ; On                                     ; --            ; --          ; --         ;
; SYNTHESIS_ONLY_QIP                  ; On                                     ; --            ; --          ; --         ;
; SYNTHESIS_ONLY_QIP                  ; On                                     ; --            ; --          ; --         ;
; SYNTHESIS_ONLY_QIP                  ; On                                     ; --            ; --          ; --         ;
; SYNTHESIS_ONLY_QIP                  ; On                                     ; --            ; --          ; --         ;
; SYNTHESIS_ONLY_QIP                  ; On                                     ; --            ; --          ; --         ;
+-------------------------------------+----------------------------------------+---------------+-------------+------------+


+--------------------------------------------------------------------------------------------------------------------------+
; Flow Elapsed Time                                                                                                        ;
+----------------------+--------------+-------------------------+---------------------+------------------------------------+
; Module Name          ; Elapsed Time ; Average Processors Used ; Peak Virtual Memory ; Total CPU Time (on all processors) ;
+----------------------+--------------+-------------------------+---------------------+------------------------------------+
; Analysis & Synthesis ; 00:01:02     ; 1.0                     ; 839 MB              ; 00:00:12                           ;
; Fitter               ; 00:00:53     ; 1.0                     ; 2602 MB             ; 00:00:43                           ;
; Assembler            ; 00:00:24     ; 1.0                     ; 790 MB              ; 00:00:03                           ;
; Timing Analyzer      ; 00:00:35     ; 1.1                     ; 1308 MB             ; 00:00:06                           ;
; Total                ; 00:02:54     ; --                      ; --                  ; 00:01:04                           ;
+----------------------+--------------+-------------------------+---------------------+------------------------------------+


+---------------------------------------------------------------------------------+
; Flow OS Summary                                                                 ;
+----------------------+------------------+---------+------------+----------------+
; Module Name          ; Machine Hostname ; OS Name ; OS Version ; Processor type ;
+----------------------+------------------+---------+------------+----------------+
; Analysis & Synthesis ; micro35          ; Red Hat ; Red Hat    ; x86_64         ;
; Fitter               ; micro35          ; Red Hat ; Red Hat    ; x86_64         ;
; Assembler            ; micro35          ; Red Hat ; Red Hat    ; x86_64         ;
; Timing Analyzer      ; micro35          ; Red Hat ; Red Hat    ; x86_64         ;
+----------------------+------------------+---------+------------+----------------+


------------
; Flow Log ;
------------
quartus_map --read_settings_files=on --write_settings_files=off top_module -c top_module
quartus_fit --read_settings_files=off --write_settings_files=off top_module -c top_module
quartus_asm --read_settings_files=off --write_settings_files=off top_module -c top_module
quartus_sta top_module -c top_module



