Assembler report for top_module
Fri May 10 02:59:42 2024
Quartus Prime Version 21.1.0 Build 842 10/21/2021 SJ Lite Edition


---------------------
; Table of Contents ;
---------------------
  1. Legal Notice
  2. Assembler Summary
  3. Assembler Settings
  4. Assembler Generated Files
  5. Assembler Device Options: C:/Users/patel/Desktop/Columbia/EmbeddedSystem/OV7670_Cam_Config/test/OV7670_Camera_De1SoC/output_files/top_module.sof
  6. Assembler Messages



----------------
; Legal Notice ;
----------------
Copyright (C) 2021  Intel Corporation. All rights reserved.
Your use of Intel Corporation's design tools, logic functions 
and other software and tools, and any partner logic 
functions, and any output files from any of the foregoing 
(including device programming or simulation files), and any 
associated documentation or information are expressly subject 
to the terms and conditions of the Intel Program License 
Subscription Agreement, the Intel Quartus Prime License Agreement,
the Intel FPGA IP License Agreement, or other applicable license
agreement, including, without limitation, that your use is for
the sole purpose of programming logic devices manufactured by
Intel and sold by Intel or its authorized distributors.  Please
refer to the applicable agreement for further details, at
https://fpgasoftware.intel.com/eula.



+---------------------------------------------------------------+
; Assembler Summary                                             ;
+-----------------------+---------------------------------------+
; Assembler Status      ; Successful - Fri May 10 02:59:42 2024 ;
; Revision Name         ; top_module                            ;
; Top-level Entity Name ; top_module                            ;
; Family                ; Cyclone V                             ;
; Device                ; 5CSEMA5F31C6                          ;
+-----------------------+---------------------------------------+


+----------------------------------+
; Assembler Settings               ;
+--------+---------+---------------+
; Option ; Setting ; Default Value ;
+--------+---------+---------------+


+------------------------------------------------------------------------------------------------------------------------+
; Assembler Generated Files                                                                                              ;
+------------------------------------------------------------------------------------------------------------------------+
; File Name                                                                                                              ;
+------------------------------------------------------------------------------------------------------------------------+
; C:/Users/patel/Desktop/Columbia/EmbeddedSystem/OV7670_Cam_Config/test/OV7670_Camera_De1SoC/output_files/top_module.sof ;
+------------------------------------------------------------------------------------------------------------------------+


+--------------------------------------------------------------------------------------------------------------------------------------------------+
; Assembler Device Options: C:/Users/patel/Desktop/Columbia/EmbeddedSystem/OV7670_Cam_Config/test/OV7670_Camera_De1SoC/output_files/top_module.sof ;
+----------------+---------------------------------------------------------------------------------------------------------------------------------+
; Option         ; Setting                                                                                                                         ;
+----------------+---------------------------------------------------------------------------------------------------------------------------------+
; JTAG usercode  ; 0x00E58774                                                                                                                      ;
; Checksum       ; 0x00E58774                                                                                                                      ;
+----------------+---------------------------------------------------------------------------------------------------------------------------------+


+--------------------+
; Assembler Messages ;
+--------------------+
Info: *******************************************************************
Info: Running Quartus Prime Assembler
    Info: Version 21.1.0 Build 842 10/21/2021 SJ Lite Edition
    Info: Processing started: Fri May 10 02:59:37 2024
Info: Command: quartus_asm --read_settings_files=off --write_settings_files=off top_module -c top_module
Info (115030): Assembler is generating device programming files
Info: Quartus Prime Assembler was successful. 0 errors, 0 warnings
    Info: Peak virtual memory: 4899 megabytes
    Info: Processing ended: Fri May 10 02:59:42 2024
    Info: Elapsed time: 00:00:05
    Info: Total CPU time (on all processors): 00:00:05


